Build started 2013/4/1 下午 03:31:52.
     1>Project "C:\Documents and Settings\User\My Documents\game4.8\game.vcxproj" on node 2 (build target(s)).
     1>InitializeBuildStatus:
         Creating ".\Debug\game.unsuccessfulbuild" because "AlwaysCreate" was specified.
       ClCompile:
         All outputs are up-to-date.
         All outputs are up-to-date.
       ResourceCompile:
         All outputs are up-to-date.
       ManifestResourceCompile:
         All outputs are up-to-date.
       Link:
         All outputs are up-to-date.
       Manifest:
         C:\Program Files\Microsoft SDKs\Windows\v7.0A\bin\mt.exe /nologo /verbose /out:".\Debug\game.exe.embed.manifest" /manifest .\Debug\game.exe.intermediate.manifest "C:\Program Files\Microsoft Visual Studio 10.0\VC\Include\Manifest\dpiaware.manifest"
         All outputs are up-to-date.
       FinalizeBuildStatus:
         Deleting file ".\Debug\game.unsuccessfulbuild".
         Touching ".\Debug\game.lastbuildstate".
     1>Done Building Project "C:\Documents and Settings\User\My Documents\game4.8\game.vcxproj" (build target(s)).

Build succeeded.

Time Elapsed 00:00:00.12
