.\Debug\game.ilk
.\Debug\game.pdb
C:\Users\劉有軒\Desktop\game4.8\game4.8\.\Debug\game.exe
C:\Users\劉有軒\Desktop\game4.8\game4.8\.\Debug\game.exe.intermediate.manifest
C:\USERS\劉有軒\DESKTOP\GAME4.8\GAME4.8\DEBUG\AUDIO.OBJ
C:\Users\劉有軒\Desktop\game4.8\game4.8\Debug\cl.command.1.tlog
C:\Users\劉有軒\Desktop\game4.8\game4.8\Debug\CL.read.1.tlog
C:\Users\劉有軒\Desktop\game4.8\game4.8\Debug\CL.write.1.tlog
C:\USERS\劉有軒\DESKTOP\GAME4.8\GAME4.8\DEBUG\GAME.EXE.EMBED.MANIFEST
C:\USERS\劉有軒\DESKTOP\GAME4.8\GAME4.8\DEBUG\GAME.EXE.EMBED.MANIFEST.RES
C:\Users\劉有軒\Desktop\game4.8\game4.8\Debug\game.exe.intermediate.manifest
C:\Users\劉有軒\Desktop\game4.8\game4.8\Debug\game.ilk
C:\USERS\劉有軒\DESKTOP\GAME4.8\GAME4.8\DEBUG\GAME.OBJ
C:\USERS\劉有軒\DESKTOP\GAME4.8\GAME4.8\DEBUG\GAME.PCH
C:\Users\劉有軒\Desktop\game4.8\game4.8\Debug\game.pdb
C:\USERS\劉有軒\DESKTOP\GAME4.8\GAME4.8\DEBUG\GAME.RES
C:\Users\劉有軒\Desktop\game4.8\game4.8\Debug\game.vcxprojResolveAssemblyReference.cache
C:\Users\劉有軒\Desktop\game4.8\game4.8\Debug\game.write.1.tlog
C:\Users\劉有軒\Desktop\game4.8\game4.8\Debug\game_manifest.rc
C:\USERS\劉有軒\DESKTOP\GAME4.8\GAME4.8\DEBUG\GAMEDOC.OBJ
C:\USERS\劉有軒\DESKTOP\GAME4.8\GAME4.8\DEBUG\GAMELIB.OBJ
C:\USERS\劉有軒\DESKTOP\GAME4.8\GAME4.8\DEBUG\GAMEVIEW.OBJ
C:\Users\劉有軒\Desktop\game4.8\game4.8\Debug\link.4700.read.1.tlog
C:\Users\劉有軒\Desktop\game4.8\game4.8\Debug\link.4700.write.1.tlog
C:\Users\劉有軒\Desktop\game4.8\game4.8\Debug\link.4700-cvtres.read.1.tlog
C:\Users\劉有軒\Desktop\game4.8\game4.8\Debug\link.4700-cvtres.write.1.tlog
C:\Users\劉有軒\Desktop\game4.8\game4.8\Debug\link.6092.read.1.tlog
C:\Users\劉有軒\Desktop\game4.8\game4.8\Debug\link.6092.write.1.tlog
C:\Users\劉有軒\Desktop\game4.8\game4.8\Debug\link.6092-cvtres.read.1.tlog
C:\Users\劉有軒\Desktop\game4.8\game4.8\Debug\link.6092-cvtres.write.1.tlog
C:\Users\劉有軒\Desktop\game4.8\game4.8\Debug\link.command.1.tlog
C:\Users\劉有軒\Desktop\game4.8\game4.8\Debug\link.read.1.tlog
C:\Users\劉有軒\Desktop\game4.8\game4.8\Debug\link.write.1.tlog
C:\Users\劉有軒\Desktop\game4.8\game4.8\Debug\link-cvtres.read.1.tlog
C:\Users\劉有軒\Desktop\game4.8\game4.8\Debug\link-cvtres.write.1.tlog
C:\USERS\劉有軒\DESKTOP\GAME4.8\GAME4.8\DEBUG\MAINFRM.OBJ
C:\Users\劉有軒\Desktop\game4.8\game4.8\Debug\mt.command.1.tlog
C:\Users\劉有軒\Desktop\game4.8\game4.8\Debug\mt.read.1.tlog
C:\Users\劉有軒\Desktop\game4.8\game4.8\Debug\mt.write.1.tlog
C:\USERS\劉有軒\DESKTOP\GAME4.8\GAME4.8\DEBUG\MYGAME.OBJ
C:\Users\劉有軒\Desktop\game4.8\game4.8\Debug\rc.command.1.tlog
C:\Users\劉有軒\Desktop\game4.8\game4.8\Debug\rc.read.1.tlog
C:\Users\劉有軒\Desktop\game4.8\game4.8\Debug\rc.write.1.tlog
C:\USERS\劉有軒\DESKTOP\GAME4.8\GAME4.8\DEBUG\STDAFX.OBJ
C:\Users\劉有軒\Desktop\game4.8\game4.8\Debug\vc100.idb
C:\USERS\劉有軒\DESKTOP\GAME4.8\GAME4.8\DEBUG\VC100.PDB
